<?xml version="1.0" encoding="UTF-8"?>
<!-- Generated by org.testng.reporters.JUnitReportReporter -->
<testsuite hostname="DESKTOP-M6RCVKJ" failures="0" tests="20" name="tests.Cucumber_testrunner" time="236.592" errors="0" timestamp="26 Oct 2025 17:11:14 GMT" skipped="0">
  <testcase classname="tests.Cucumber_testrunner" name="runScenario" time="3.381"/>
  <testcase classname="tests.Cucumber_testrunner" name="runScenario" time="134.928"/>
  <testcase classname="tests.Cucumber_testrunner" name="runScenario" time="1.475"/>
  <testcase classname="tests.Cucumber_testrunner" name="runScenario" time="31.823"/>
  <testcase classname="tests.Cucumber_testrunner" name="runScenario" time="0.449"/>
  <testcase classname="tests.Cucumber_testrunner" name="runScenario" time="8.349"/>
  <testcase classname="tests.Cucumber_testrunner" name="runScenario" time="2.695"/>
  <testcase classname="tests.Cucumber_testrunner" name="runScenario" time="0.989"/>
  <testcase classname="tests.Cucumber_testrunner" name="runScenario" time="1.935"/>
  <testcase classname="tests.Cucumber_testrunner" name="runScenario" time="1.137"/>
  <testcase classname="tests.Cucumber_testrunner" name="runScenario" time="1.789"/>
  <testcase classname="tests.Cucumber_testrunner" name="runScenario" time="0.861"/>
  <testcase classname="tests.Cucumber_testrunner" name="runScenario" time="31.625"/>
  <testcase classname="tests.Cucumber_testrunner" name="runScenario" time="2.478"/>
  <testcase classname="tests.Cucumber_testrunner" name="runScenario" time="2.117"/>
  <testcase classname="tests.Cucumber_testrunner" name="runScenario" time="2.942"/>
  <testcase classname="tests.Cucumber_testrunner" name="runScenario" time="2.580"/>
  <testcase classname="tests.Cucumber_testrunner" name="runScenario" time="2.291"/>
  <testcase classname="tests.Cucumber_testrunner" name="runScenario" time="0.306"/>
  <testcase classname="tests.Cucumber_testrunner" name="runScenario" time="2.442"/>
</testsuite> <!-- tests.Cucumber_testrunner -->
